<?xml version="1.0" encoding="UTF-8"?>
<testng-results ignored="0" total="2" passed="2" failed="0" skipped="0">
  <reporter-output>
  </reporter-output>
  <suite started-at="2022-01-08T14:25:40 IST" name="Default suite" finished-at="2022-01-08T14:26:07 IST" duration-ms="26405">
    <groups>
    </groups>
    <test started-at="2022-01-08T14:25:40 IST" name="Default test" finished-at="2022-01-08T14:26:07 IST" duration-ms="26405">
      <class name="com.qa.testcases.LoginPagetest">
        <test-method is-config="true" signature="setUp()[pri:0, instance:com.qa.testcases.LoginPagetest@2eae8e6e]" started-at="2022-01-08T14:25:40 IST" name="setUp" finished-at="2022-01-08T14:25:53 IST" duration-ms="12723" status="PASS">
          <reporter-output>
          </reporter-output>
        </test-method> <!-- setUp -->
        <test-method signature="LoginPageTitlePageTest()[pri:1, instance:com.qa.testcases.LoginPagetest@2eae8e6e]" started-at="2022-01-08T14:25:53 IST" name="LoginPageTitlePageTest" finished-at="2022-01-08T14:25:53 IST" duration-ms="40" status="PASS">
          <reporter-output>
          </reporter-output>
        </test-method> <!-- LoginPageTitlePageTest -->
        <test-method is-config="true" signature="setUp()[pri:0, instance:com.qa.testcases.LoginPagetest@2eae8e6e]" started-at="2022-01-08T14:25:53 IST" name="setUp" finished-at="2022-01-08T14:26:05 IST" duration-ms="11846" status="PASS">
          <reporter-output>
          </reporter-output>
        </test-method> <!-- setUp -->
        <test-method signature="loginTest()[pri:2, instance:com.qa.testcases.LoginPagetest@2eae8e6e]" started-at="2022-01-08T14:26:05 IST" name="loginTest" finished-at="2022-01-08T14:26:07 IST" duration-ms="1704" status="PASS">
          <reporter-output>
          </reporter-output>
        </test-method> <!-- loginTest -->
      </class> <!-- com.qa.testcases.LoginPagetest -->
    </test> <!-- Default test -->
  </suite> <!-- Default suite -->
</testng-results>
